<?xml version="1.0" encoding="UTF-8"?>
<!-- Generated by org.testng.reporters.JUnitXMLReporter -->
<testsuite hostname="chaitanya-PC" ignored="1" name="Default test" tests="1" failures="0" timestamp="24 Apr 2022 06:51:46 GMT" time="30.733" errors="0">
  <testcase name="TestCase1_verifyButton" time="23.268" classname="docker.testcases.TestCase1"/>
  <testcase name="containers_Exercise" time="0.0" classname="docker.testcases.Containers">
    <ignored/>
  </testcase> <!-- containers_Exercise -->
</testsuite> <!-- Default test -->
