<?xml version="1.0" encoding="UTF-8"?>
<!-- Generated by org.testng.reporters.JUnitXMLReporter -->
<testsuite hostname="chaitanya-PC" ignored="1" name="SmokeParallel" tests="1" failures="0" timestamp="14 Apr 2022 12:45:37 GMT" time="35.951" errors="0">
  <testcase name="TestCase1_verifyButton" time="25.945" classname="docker.testcases.TestCase1"/>
  <testcase name="containers_Exercise" time="0.0" classname="docker.testcases.Containers">
    <ignored/>
  </testcase> <!-- containers_Exercise -->
</testsuite> <!-- SmokeParallel -->
