<?xml version="1.0" encoding="UTF-8"?>
<testng-results skipped="0" failed="0" ignored="0" total="1" passed="1">
  <reporter-output>
    <line>
      <![CDATA[=====after maximize=====]]>
    </line>
    <line>
      <![CDATA[=====after get url=====]]>
    </line>
    <line>
      <![CDATA[successfully clickedVerifiedCheckbox]]>
    </line>
    <line>
      <![CDATA[successfully clickedOfficialimage]]>
    </line>
    <line>
      <![CDATA[successfully clickedDockethubHome]]>
    </line>
    <line>
      <![CDATA[successfully clickedExploreTab]]>
    </line>
    <line>
      <![CDATA[successfully clickedpricingTab]]>
    </line>
    <line>
      <![CDATA[successfully clickedExploreTab]]>
    </line>
    <line>
      <![CDATA[=====after quit browser=====]]>
    </line>
  </reporter-output>
  <suite name="Docker" duration-ms="31819" started-at="2022-04-26T05:48:14Z" finished-at="2022-04-26T05:48:46Z">
    <groups>
    </groups>
    <test name="SmokeParallel" duration-ms="31819" started-at="2022-04-26T05:48:14Z" finished-at="2022-04-26T05:48:46Z">
      <class name="docker.testcases.TestCase1">
        <test-method status="PASS" signature="classlevelsetup()[pri:0, instance:docker.testcases.TestCase1@4c75cab9]" name="classlevelsetup" is-config="true" duration-ms="6109" started-at="2022-04-26T11:18:14Z" finished-at="2022-04-26T11:18:20Z">
          <reporter-output>
            <line>
              <![CDATA[=====after maximize=====]]>
            </line>
            <line>
              <![CDATA[=====after get url=====]]>
            </line>
          </reporter-output>
        </test-method> <!-- classlevelsetup -->
        <test-method status="PASS" signature="setup()[pri:0, instance:docker.testcases.TestCase1@4c75cab9]" name="setup" is-config="true" duration-ms="1" started-at="2022-04-26T11:18:20Z" finished-at="2022-04-26T11:18:20Z">
          <reporter-output>
          </reporter-output>
        </test-method> <!-- setup -->
        <test-method status="PASS" signature="TestCase1_verifyButton()[pri:0, instance:docker.testcases.TestCase1@4c75cab9]" name="TestCase1_verifyButton" duration-ms="25058" started-at="2022-04-26T11:18:20Z" description="Test case1 to click on buttons" finished-at="2022-04-26T11:18:45Z">
          <reporter-output>
            <line>
              <![CDATA[successfully clickedVerifiedCheckbox]]>
            </line>
            <line>
              <![CDATA[successfully clickedOfficialimage]]>
            </line>
            <line>
              <![CDATA[successfully clickedDockethubHome]]>
            </line>
            <line>
              <![CDATA[successfully clickedExploreTab]]>
            </line>
            <line>
              <![CDATA[successfully clickedpricingTab]]>
            </line>
            <line>
              <![CDATA[successfully clickedExploreTab]]>
            </line>
          </reporter-output>
        </test-method> <!-- TestCase1_verifyButton -->
        <test-method status="PASS" signature="teardown()[pri:0, instance:docker.testcases.TestCase1@4c75cab9]" name="teardown" is-config="true" duration-ms="622" started-at="2022-04-26T11:18:45Z" finished-at="2022-04-26T11:18:46Z">
          <reporter-output>
            <line>
              <![CDATA[=====after quit browser=====]]>
            </line>
          </reporter-output>
        </test-method> <!-- teardown -->
      </class> <!-- docker.testcases.TestCase1 -->
    </test> <!-- SmokeParallel -->
  </suite> <!-- Docker -->
</testng-results>
