<?xml version="1.0" encoding="UTF-8"?>
<!-- Generated by org.testng.reporters.JUnitXMLReporter -->
<testsuite hostname="chaitanya-PC" ignored="1" name="smokeTest" tests="1" failures="0" timestamp="26 Apr 2022 05:45:31 GMT" time="40.784" errors="0">
  <testcase name="TestCase1_verifyButton" time="24.719" classname="docker.testcases.TestCase1"/>
  <testcase name="containers_Exercise" time="0.0" classname="docker.testcases.Containers">
    <ignored/>
  </testcase> <!-- containers_Exercise -->
</testsuite> <!-- smokeTest -->
